BEGIN CREATE ADITYA 5000.0
COMMIT CREATE ADITYA 5000.0
BEGIN DEPOSIT ADITYA 200.0
COMMIT DEPOSIT ADITYA 200.0
BEGIN DEPOSIT ADITYA 125.0
COMMIT DEPOSIT ADITYA 125.0
BEGIN WITHDRAW ADITYA 100.0
COMMIT WITHDRAW ADITYA 100.0
BEGIN DEPOSIT ADITYA 1000.0
COMMIT DEPOSIT ADITYA 1000.0
BEGIN WITHDRAW ADITYA 2500.0
COMMIT WITHDRAW ADITYA 2500.0
BEGIN CREATE SHARMA 5000.0
COMMIT CREATE SHARMA 5000.0
BEGIN CREATE SOHAM 5000.0
COMMIT CREATE SOHAM 5000.0
BEGIN DEPOSIT ADITYA 200.0
COMMIT DEPOSIT ADITYA 200.0
BEGIN WITHDRAW ADITYA 100.0
COMMIT WITHDRAW ADITYA 100.0
BEGIN TRANSFER ADITYA SOHAM 999.0
COMMIT TRANSFER ADITYA SOHAM 999.0
BEGIN CREATE AVINASH 5000.0
COMMIT CREATE AVINASH 5000.0
BEGIN CREATE HARSH 1234.0
COMMIT CREATE HARSH 1234.0
BEGIN CREATE ROHAN 1231.0
COMMIT CREATE ROHAN 1231.0
